<?xml version="1.0" encoding="UTF-8"?>
<!-- Generated by org.testng.reporters.JUnitReportReporter -->
<testsuite name="mig_tests.MIWTests" tests="3" time="16.215" ignored="0" failures="0" timestamp="23 Feb 2017 00:35:17 GMT" skipped="0" hostname="LEE-W8" errors="0">
  <testcase name="verifyGooglePage" time="2.903" classname="mig_tests.MIWTests"/>
  <testcase name="verifyMIWSearchOnGoogle" time="1.849" classname="mig_tests.MIWTests"/>
  <testcase name="verifyRitchieBrosAuctioneersSearch_Caterpilar" time="11.463" classname="mig_tests.MIWTests"/>
</testsuite> <!-- mig_tests.MIWTests -->
