<?xml version="1.0" encoding="UTF-8"?>
<!-- Generated by org.testng.reporters.JUnitReportReporter -->
<testsuite name="WIG_TEST.MIWTests" tests="3" time="15.125" ignored="0" failures="0" timestamp="23 Feb 2017 00:33:56 GMT" skipped="0" hostname="LEE-W8" errors="0">
  <testcase name="verifyGooglePage" time="3.174" classname="WIG_TEST.MIWTests"/>
  <testcase name="verifyMIWSearchOnGoogle" time="2.062" classname="WIG_TEST.MIWTests"/>
  <testcase name="verifyRitchieBrosAuctioneersSearch_Caterpilar" time="9.889" classname="WIG_TEST.MIWTests"/>
</testsuite> <!-- WIG_TEST.MIWTests -->
