<?xml version="1.0" encoding="UTF-8"?>
<!-- Generated by org.testng.reporters.JUnitReportReporter -->
<testsuite name="WIG_TEST.GoogleTests" tests="2" time="7.287" ignored="0" failures="0" timestamp="22 Feb 2017 22:05:14 GMT" skipped="0" hostname="LEE-W8" errors="0">
  <testcase name="searchMIW" time="2.955" classname="WIG_TEST.GoogleTests"/>
  <testcase name="openGooglePage" time="4.332" classname="WIG_TEST.GoogleTests"/>
</testsuite> <!-- WIG_TEST.GoogleTests -->
