<?xml version="1.0" encoding="UTF-8"?>
<!-- Generated by org.testng.reporters.JUnitReportReporter -->
<testsuite name="mig_tests.MIGTests" tests="3" time="26.669" ignored="0" failures="0" timestamp="23 Feb 2017 01:10:17 GMT" skipped="0" hostname="LEE-W8" errors="0">
  <testcase name="verifyGooglePage" time="4.509" classname="mig_tests.MIGTests"/>
  <testcase name="verifyMIWSearchOnGoogle" time="2.861" classname="mig_tests.MIGTests"/>
  <testcase name="verifyRitchieBrosAuctioneersSearch_Caterpilar" time="19.299" classname="mig_tests.MIGTests"/>
</testsuite> <!-- mig_tests.MIGTests -->
